<?xml version="1.0" encoding="UTF-8"?>
<!-- Generated by org.testng.reporters.JUnitReportReporter -->
<testsuite hostname="DESKTOP-LTNKCUI" failures="0" tests="1" name="qsp.DemoAssertion" time="17.458" errors="0" timestamp="2022-06-16T13:42:24 IST" skipped="0">
  <testcase classname="qsp.DemoAssertion" name="VerifyTittle" time="17.458"/>
  <system-out/>
</testsuite> <!-- qsp.DemoAssertion -->
