<?xml version="1.0" encoding="UTF-8"?>
<!-- Generated by org.testng.reporters.JUnitReportReporter -->
<testsuite hostname="DESKTOP-LTNKCUI" failures="0" tests="1" name="qsp.DemoAssert" time="14.554" errors="0" timestamp="2022-06-16T13:39:20 IST" skipped="0">
  <testcase classname="qsp.DemoAssert" name="verifyTittle" time="14.554"/>
  <system-out/>
</testsuite> <!-- qsp.DemoAssert -->
