<?xml version="1.0" encoding="UTF-8"?>
<!-- Generated by org.testng.reporters.JUnitReportReporter -->
<testsuite hostname="DESKTOP-LTNKCUI" failures="0" tests="3" name="qsp.CustomerModule" time="0.034" errors="0" timestamp="2022-06-15T21:07:00 IST" skipped="0">
  <testcase classname="qsp.CustomerModule" name="Createcustomer" time="0.007"/>
  <system-out>
    <![CDATA[Createcustomer]]>
  </system-out>
  <testcase classname="qsp.CustomerModule" name="Createcustomer" time="0.008"/>
  <system-out>
    <![CDATA[Createcustomer]]>
  </system-out>
  <testcase classname="qsp.CustomerModule" name="Createcustomer" time="0.019"/>
  <system-out>
    <![CDATA[Createcustomer]]>
  </system-out>
</testsuite> <!-- qsp.CustomerModule -->
