<?xml version="1.0" encoding="UTF-8"?>
<!-- Generated by org.testng.reporters.JUnitReportReporter -->
<testsuite hostname="DESKTOP-LTNKCUI" failures="0" tests="3" name="com.actitime.testscript.CustomerModule" time="0.018" errors="0" timestamp="2022-06-20T18:44:49 IST" skipped="0">
  <testcase classname="com.actitime.testscript.CustomerModule" name="DeletCustomer" time="0.006"/>
  <system-out>
    <![CDATA[DeletCustomer]]>
  </system-out>
  <testcase classname="com.actitime.testscript.CustomerModule" name="CreateCustomer" time="0.005"/>
  <system-out>
    <![CDATA[CreateCustomer]]>
  </system-out>
  <testcase classname="com.actitime.testscript.CustomerModule" name="ModifyCustomer" time="0.007"/>
  <system-out>
    <![CDATA[ModifyCustomer]]>
  </system-out>
</testsuite> <!-- com.actitime.testscript.CustomerModule -->
