<?xml version="1.0" encoding="UTF-8"?>
<!-- Generated by org.testng.reporters.JUnitReportReporter -->
<testsuite hostname="DESKTOP-LTNKCUI" failures="0" tests="2" name="qsp.CustomerModule1" time="0.025" errors="0" timestamp="2022-06-17T19:09:09 IST" skipped="0">
  <testcase classname="qsp.CustomerModule1" name="ModifyCustomer" time="0.008"/>
  <system-out>
    <![CDATA[ModifyCustomer]]>
  </system-out>
  <testcase classname="qsp.CustomerModule1" name="CreatCustomer" time="0.017"/>
  <system-out>
    <![CDATA[CreatCustomer]]>
  </system-out>
</testsuite> <!-- qsp.CustomerModule1 -->
