<?xml version="1.0" encoding="UTF-8"?>
<!-- Generated by org.testng.reporters.JUnitReportReporter -->
<testsuite hostname="DESKTOP-LTNKCUI" failures="0" tests="1" name="qsp.DemotextNG" time="0.013" errors="0" timestamp="2022-06-14T13:31:19 IST" skipped="0">
  <testcase classname="qsp.DemotextNG" name="demoTest" time="0.013"/>
  <system-out/>
</testsuite> <!-- qsp.DemotextNG -->
