<?xml version="1.0" encoding="UTF-8"?>
<!-- Generated by org.testng.reporters.JUnitReportReporter -->
<testsuite hostname="DESKTOP-LTNKCUI" failures="0" tests="3" name="com.actitime.testscript.ProjectModule" time="0.030" errors="0" timestamp="2022-06-20T18:44:49 IST" skipped="0">
  <testcase classname="com.actitime.testscript.ProjectModule" name="DeletCustomer" time="0.006"/>
  <system-out>
    <![CDATA[DeletCustomer]]>
  </system-out>
  <testcase classname="com.actitime.testscript.ProjectModule" name="CreateCustomer" time="0.016"/>
  <system-out>
    <![CDATA[CreateCustomer]]>
  </system-out>
  <testcase classname="com.actitime.testscript.ProjectModule" name="ModifyCustomer" time="0.008"/>
  <system-out>
    <![CDATA[ModifyCustomer]]>
  </system-out>
</testsuite> <!-- com.actitime.testscript.ProjectModule -->
