<?xml version="1.0" encoding="UTF-8"?>
<!-- Generated by org.testng.reporters.JUnitReportReporter -->
<testsuite hostname="DESKTOP-LTNKCUI" failures="0" tests="1" name="com.actitime.testscript.TestMethodCls" time="18.707" errors="0" timestamp="2022-06-22T20:41:13 IST" skipped="0">
  <testcase classname="com.actitime.testscript.TestMethodCls" name="testmaethod" time="18.707"/>
  <system-out/>
</testsuite> <!-- com.actitime.testscript.TestMethodCls -->
