<?xml version="1.0" encoding="UTF-8"?>
<!-- Generated by org.testng.reporters.JUnitReportReporter -->
<testsuite hostname="DESKTOP-LTNKCUI" failures="0" tests="4" name="qsp.CustomerModule2" time="0.025" errors="0" timestamp="2022-06-17T19:49:34 IST" skipped="0">
  <testcase classname="qsp.CustomerModule2" name="RegisterCustomer" time="0.004"/>
  <system-out>
    <![CDATA[RegisterCustomer]]>
  </system-out>
  <testcase classname="qsp.CustomerModule2" name="DeletCustomer" time="0.011"/>
  <system-out>
    <![CDATA[DeletCustomer]]>
  </system-out>
  <testcase classname="qsp.CustomerModule2" name="EditCustomer" time="0.005"/>
  <system-out>
    <![CDATA[EditCustomer]]>
  </system-out>
  <testcase classname="qsp.CustomerModule2" name="EditCustomer" time="0.005"/>
  <system-out>
    <![CDATA[EditCustomer]]>
  </system-out>
</testsuite> <!-- qsp.CustomerModule2 -->
